<?xml version="1.0" encoding="UTF-8"?>
<robot generator="Robot 6.1.1 (Python 3.12.0 on win32)" generated="20231106 14:02:18.651" rpa="false" schemaversion="4">
<suite id="s1" name="Windows" source="C:\Users\hp\PycharmProjects\RobotFramework\Robot\Tests\Windows.robot">
<test id="s1-t1" name="TestDropdown" line="13">
<kw name="Open Browser" library="SeleniumLibrary">
<arg>${url}</arg>
<arg>${browser}</arg>
<doc>Opens a new browser instance to the optional ``url``.</doc>
<msg timestamp="20231106 14:02:18.986" level="INFO">Opening browser 'chrome' to base url 'https://rahulshettyacademy.com/AutomationPractice/'.</msg>
<status status="PASS" starttime="20231106 14:02:18.985" endtime="20231106 14:02:24.969"/>
</kw>
<kw name="Maximize Browser Window" library="SeleniumLibrary">
<doc>Maximizes current browser window.</doc>
<status status="PASS" starttime="20231106 14:02:24.969" endtime="20231106 14:02:25.337"/>
</kw>
<kw name="dropdown" library="Functions">
<kw name="Click Element" library="SeleniumLibrary">
<arg>dropdown-class-example</arg>
<doc>Click the element identified by ``locator``.</doc>
<msg timestamp="20231106 14:02:25.341" level="INFO">Clicking element 'dropdown-class-example'.</msg>
<status status="PASS" starttime="20231106 14:02:25.338" endtime="20231106 14:02:25.488"/>
</kw>
<kw name="Get List Items" library="SeleniumLibrary">
<var>${values}</var>
<arg>dropdown-class-example</arg>
<doc>Returns all labels or values of selection list ``locator``.</doc>
<msg timestamp="20231106 14:02:25.637" level="INFO">${values} = ['Select', 'Option1', 'Option2', 'Option3']</msg>
<status status="PASS" starttime="20231106 14:02:25.489" endtime="20231106 14:02:25.637"/>
</kw>
<kw name="Log To Console" library="BuiltIn">
<arg>${values}</arg>
<doc>Logs the given message to the console.</doc>
<status status="PASS" starttime="20231106 14:02:25.637" endtime="20231106 14:02:25.639"/>
</kw>
<kw name="Select From List By Index" library="SeleniumLibrary">
<arg>dropdown-class-example</arg>
<arg>2</arg>
<doc>Selects options from selection list ``locator`` by ``indexes``.</doc>
<msg timestamp="20231106 14:02:25.640" level="INFO">Selecting options from selection list 'dropdown-class-example' by index 2.</msg>
<status status="PASS" starttime="20231106 14:02:25.639" endtime="20231106 14:02:25.844"/>
</kw>
<status status="PASS" starttime="20231106 14:02:25.337" endtime="20231106 14:02:25.845"/>
</kw>
<kw name="Get Selenium Speed" library="SeleniumLibrary">
<var>${speed}</var>
<doc>Gets the delay that is waited after each Selenium command.</doc>
<msg timestamp="20231106 14:02:25.846" level="INFO">${speed} = 0 seconds</msg>
<status status="PASS" starttime="20231106 14:02:25.845" endtime="20231106 14:02:25.846"/>
</kw>
<kw name="Log To Console" library="BuiltIn">
<arg>${speed}</arg>
<doc>Logs the given message to the console.</doc>
<status status="PASS" starttime="20231106 14:02:25.846" endtime="20231106 14:02:25.846"/>
</kw>
<tag>dropdown</tag>
<status status="PASS" starttime="20231106 14:02:18.983" endtime="20231106 14:02:25.847"/>
</test>
<status status="PASS" starttime="20231106 14:02:18.654" endtime="20231106 14:02:25.848"/>
</suite>
<statistics>
<total>
<stat pass="1" fail="0" skip="0">All Tests</stat>
</total>
<tag>
<stat pass="1" fail="0" skip="0">dropdown</stat>
</tag>
<suite>
<stat pass="1" fail="0" skip="0" id="s1" name="Windows">Windows</stat>
</suite>
</statistics>
<errors>
</errors>
</robot>
